[INFO][main.go:16]2022/02/16 10:00:55 [Start Server...]
[INFO][main.go:37]2022/02/16 10:06:48 [服务关闭中.... interrupt]
[INFO][main.go:44]2022/02/16 10:06:48 [Server Exiting]
[INFO][main.go:16]2022/02/16 10:46:05 [Start Server...]
[INFO][main.go:37]2022/02/16 10:47:14 [服务关闭中.... interrupt]
[ERROR][main.go:29]2022/02/16 10:47:14 [Listen:%s
 http: Server closed]
[INFO][main.go:44]2022/02/16 10:47:14 [Server Exiting]
[INFO][main.go:16]2022/02/16 10:47:31 [Start Server...]
[INFO][auth.go:41]2022/02/16 10:47:37 [登录成功]
[INFO][main.go:37]2022/02/16 10:49:00 [服务关闭中.... interrupt]
[INFO][main.go:44]2022/02/16 10:49:00 [Server Exiting]
[INFO][main.go:16]2022/02/16 10:49:20 [Start Server...]
[INFO][main.go:37]2022/02/16 10:49:34 [服务关闭中.... interrupt]
[ERROR][main.go:29]2022/02/16 10:49:34 [Listen:%s
 http: Server closed]
[INFO][main.go:44]2022/02/16 10:49:34 [Server Exiting]
[INFO][main.go:16]2022/02/16 10:50:47 [Start Server...]
[INFO][main.go:38]2022/02/16 10:52:01 [服务关闭中....]
[ERROR][main.go:29]2022/02/16 10:52:01 [Listen:%s
 http: Server closed]
[INFO][main.go:45]2022/02/16 10:52:01 [Server Exiting]
[INFO][main.go:16]2022/02/16 10:52:05 [Start Server...]
[INFO][main.go:38]2022/02/16 10:53:52 [服务关闭中....]
[INFO][main.go:45]2022/02/16 10:53:52 [Server Exiting]
[INFO][main.go:16]2022/02/16 10:54:00 [Start Server...]
[INFO][main.go:38]2022/02/16 10:56:01 [服务关闭中....]
[ERROR][main.go:29]2022/02/16 10:56:01 [Listen:%s
 http: Server closed]
[INFO][main.go:45]2022/02/16 10:56:01 [Server Exiting]
[INFO][main.go:16]2022/02/16 10:56:04 [Start Server...]
[INFO][main.go:38]2022/02/16 11:01:51 [服务关闭中....]
[INFO][main.go:45]2022/02/16 11:01:51 [Server Exiting]
[INFO][main.go:16]2022/02/16 11:06:49 [Start Server...]
[INFO][main.go:38]2022/02/16 11:08:56 [服务关闭中....]
[INFO][main.go:45]2022/02/16 11:08:56 [Server Exiting]
[INFO][main.go:16]2022/02/16 11:09:00 [Start Server...]
[INFO][main.go:38]2022/02/16 11:21:00 [服务关闭中....]
[ERROR][main.go:29]2022/02/16 11:21:00 [Listen:%s
 http: Server closed]
[INFO][main.go:45]2022/02/16 11:21:00 [Server Exiting]
[INFO][setting.go:64]2022/02/16 13:57:57 [开始解析配置文件conf/app.ini]
[INFO][setting.go:91]2022/02/16 13:57:57 [配置文件conf/app.ini解析完成]
[INFO][main.go:16]2022/02/16 13:57:57 [Start Server...]
[INFO][main.go:38]2022/02/16 13:59:07 [服务关闭中....]
[ERROR][main.go:29]2022/02/16 13:59:07 [Listen:%s
 http: Server closed]
[INFO][main.go:45]2022/02/16 13:59:07 [Server Exiting]
[INFO][setting.go:64]2022/02/16 13:59:35 [开始解析配置文件conf/app.ini]
[INFO][setting.go:91]2022/02/16 13:59:35 [配置文件conf/app.ini解析完成]
[INFO][main.go:16]2022/02/16 13:59:35 [Start Server...]
[INFO][main.go:38]2022/02/16 13:59:42 [服务关闭中....]
[ERROR][main.go:29]2022/02/16 13:59:42 [Listen:%s http: Server closed]
[INFO][main.go:45]2022/02/16 13:59:42 [Server Exiting]
[INFO][main.go:20]2022/02/16 17:16:45 [Start Server...]
[INFO][auth.go:41]2022/02/16 17:17:44 [登录成功]
[INFO][main.go:43]2022/02/16 17:33:56 [服务关闭中....]
[ERROR][main.go:34]2022/02/16 17:33:56 [Listen: http: Server closed]
[INFO][main.go:50]2022/02/16 17:33:56 [Server Exiting]
